<?xml version="1.0" encoding="UTF-8"?>
<testng-results ignored="0" total="1" passed="1" failed="0" skipped="0">
  <reporter-output>
  </reporter-output>
  <suite started-at="2022-02-02T17:41:09 IST" name="Default suite" finished-at="2022-02-02T17:42:23 IST" duration-ms="73672">
    <groups>
    </groups>
    <test started-at="2022-02-02T17:41:09 IST" name="Default test" finished-at="2022-02-02T17:42:23 IST" duration-ms="73672">
      <class name="test.Sample_Manev_Project.Working_With_MynthraTest">
        <test-method signature="Searching()[pri:0, instance:test.Sample_Manev_Project.Working_With_MynthraTest@3aefe5e5]" started-at="2022-02-02T17:41:09 IST" name="Searching" finished-at="2022-02-02T17:42:23 IST" duration-ms="73626" status="PASS">
          <reporter-output>
          </reporter-output>
        </test-method> <!-- Searching -->
      </class> <!-- test.Sample_Manev_Project.Working_With_MynthraTest -->
    </test> <!-- Default test -->
  </suite> <!-- Default suite -->
</testng-results>
